<?xml version="1.0" encoding="UTF-8"?>
<robot generator="Robot 7.3.2 (Python 3.13.7 on darwin)" generated="2026-01-02T17:35:14.256584" rpa="false" schemaversion="5">
<suite id="s1" name="T5 Empty First Name and Last Name and Email" source="/Users/3mrch/Documents/LabSE/TestAutomationLab/TestScript/T5/T5_Empty First Name and Last Name and Email.robot">
<test id="s1-t1" name="Open Workshop Registration Page" line="18">
<kw name="Start Chrome">
<kw name="Open Browser" owner="SeleniumLibrary">
<msg time="2026-01-02T17:35:14.303275" level="INFO">Opening browser 'chrome' to base url 'file:///Users/3mrch/Documents/LabSE/TestAutomationLAB/Starterfiles/Registration.html'.</msg>
<arg>${REGPAGE}</arg>
<arg>chrome</arg>
<doc>Opens a new browser instance to the optional ``url``.</doc>
<status status="PASS" start="2026-01-02T17:35:14.303189" elapsed="0.581832"/>
</kw>
<kw name="Maximize Browser Window" owner="SeleniumLibrary">
<doc>Maximizes current browser window.</doc>
<status status="PASS" start="2026-01-02T17:35:14.885499" elapsed="0.343045"/>
</kw>
<status status="PASS" start="2026-01-02T17:35:14.302936" elapsed="0.925738"/>
</kw>
<kw name="Page Should Contain" owner="SeleniumLibrary">
<msg time="2026-01-02T17:35:15.236295" level="INFO">Current page contains text 'Workshop Registration'.</msg>
<arg>Workshop Registration</arg>
<doc>Verifies that current page contains ``text``.</doc>
<status status="PASS" start="2026-01-02T17:35:15.228856" elapsed="0.007490"/>
</kw>
<kw name="Close Browser" owner="SeleniumLibrary">
<doc>Closes the current browser.</doc>
<status status="PASS" start="2026-01-02T17:35:15.236459" elapsed="0.066597"/>
</kw>
<status status="PASS" start="2026-01-02T17:35:14.302692" elapsed="1.000557"/>
</test>
<test id="s1-t2" name="Empty First Name and Last Name" line="23">
<kw name="Start Chrome">
<kw name="Open Browser" owner="SeleniumLibrary">
<msg time="2026-01-02T17:35:15.303868" level="INFO">Opening browser 'chrome' to base url 'file:///Users/3mrch/Documents/LabSE/TestAutomationLAB/Starterfiles/Registration.html'.</msg>
<arg>${REGPAGE}</arg>
<arg>chrome</arg>
<doc>Opens a new browser instance to the optional ``url``.</doc>
<status status="PASS" start="2026-01-02T17:35:15.303752" elapsed="0.532356"/>
</kw>
<kw name="Maximize Browser Window" owner="SeleniumLibrary">
<doc>Maximizes current browser window.</doc>
<status status="PASS" start="2026-01-02T17:35:15.836366" elapsed="0.337636"/>
</kw>
<status status="PASS" start="2026-01-02T17:35:15.303614" elapsed="0.870542"/>
</kw>
<kw name="Input Text" owner="SeleniumLibrary">
<msg time="2026-01-02T17:35:16.175162" level="INFO">Typing text '' into text field 'firstname'.</msg>
<arg>firstname</arg>
<arg>${EMPTY}</arg>
<doc>Types the given ``text`` into the text field identified by ``locator``.</doc>
<status status="PASS" start="2026-01-02T17:35:16.174359" elapsed="0.044095"/>
</kw>
<kw name="Input Text" owner="SeleniumLibrary">
<msg time="2026-01-02T17:35:16.218952" level="INFO">Typing text '' into text field 'lastname'.</msg>
<arg>lastname</arg>
<arg>${EMPTY}</arg>
<doc>Types the given ``text`` into the text field identified by ``locator``.</doc>
<status status="PASS" start="2026-01-02T17:35:16.218649" elapsed="0.020979"/>
</kw>
<kw name="Input Text" owner="SeleniumLibrary">
<msg time="2026-01-02T17:35:16.239991" level="INFO">Typing text 'CS KKU' into text field 'organization'.</msg>
<arg>organization</arg>
<arg>${OGZ}</arg>
<doc>Types the given ``text`` into the text field identified by ``locator``.</doc>
<status status="PASS" start="2026-01-02T17:35:16.239789" elapsed="0.044324"/>
</kw>
<kw name="Input Text" owner="SeleniumLibrary">
<msg time="2026-01-02T17:35:16.284406" level="INFO">Typing text 'somyod@kkumail.com' into text field 'email'.</msg>
<arg>email</arg>
<arg>${EMAIL}</arg>
<doc>Types the given ``text`` into the text field identified by ``locator``.</doc>
<status status="PASS" start="2026-01-02T17:35:16.284259" elapsed="0.021616"/>
</kw>
<kw name="Input Text" owner="SeleniumLibrary">
<msg time="2026-01-02T17:35:16.306115" level="INFO">Typing text '091-001-1234' into text field 'phone'.</msg>
<arg>phone</arg>
<arg>${PHONE}</arg>
<doc>Types the given ``text`` into the text field identified by ``locator``.</doc>
<status status="PASS" start="2026-01-02T17:35:16.305996" elapsed="0.025164"/>
</kw>
<kw name="Click Button" owner="SeleniumLibrary">
<msg time="2026-01-02T17:35:16.331371" level="INFO">Clicking button 'registerButton'.</msg>
<arg>registerButton</arg>
<doc>Clicks the button identified by ``locator``.</doc>
<status status="PASS" start="2026-01-02T17:35:16.331281" elapsed="0.020858"/>
</kw>
<kw name="Location Should Be" owner="SeleniumLibrary">
<msg time="2026-01-02T17:35:16.353395" level="INFO">Current location is 'file:///Users/3mrch/Documents/LabSE/TestAutomationLAB/Starterfiles/Registration.html'.</msg>
<arg>${REGPAGE}</arg>
<doc>Verifies that the current URL is exactly ``url``.</doc>
<status status="PASS" start="2026-01-02T17:35:16.352252" elapsed="0.001164"/>
</kw>
<kw name="Page Should Contain" owner="SeleniumLibrary">
<msg time="2026-01-02T17:35:16.356991" level="INFO">Current page contains text 'Please enter your name!!'.</msg>
<arg>Please enter your name!!</arg>
<doc>Verifies that current page contains ``text``.</doc>
<status status="PASS" start="2026-01-02T17:35:16.353480" elapsed="0.003535"/>
</kw>
<kw name="Close Browser" owner="SeleniumLibrary">
<doc>Closes the current browser.</doc>
<status status="PASS" start="2026-01-02T17:35:16.357085" elapsed="0.067618"/>
</kw>
<status status="PASS" start="2026-01-02T17:35:15.303392" elapsed="1.121450"/>
</test>
<test id="s1-t3" name="Empty Email" line="35">
<kw name="Start Chrome">
<kw name="Open Browser" owner="SeleniumLibrary">
<msg time="2026-01-02T17:35:16.425312" level="INFO">Opening browser 'chrome' to base url 'file:///Users/3mrch/Documents/LabSE/TestAutomationLAB/Starterfiles/Registration.html'.</msg>
<arg>${REGPAGE}</arg>
<arg>chrome</arg>
<doc>Opens a new browser instance to the optional ``url``.</doc>
<status status="PASS" start="2026-01-02T17:35:16.425227" elapsed="0.600943"/>
</kw>
<kw name="Maximize Browser Window" owner="SeleniumLibrary">
<doc>Maximizes current browser window.</doc>
<status status="PASS" start="2026-01-02T17:35:17.026387" elapsed="0.339476"/>
</kw>
<status status="PASS" start="2026-01-02T17:35:16.425105" elapsed="0.940915"/>
</kw>
<kw name="Input Text" owner="SeleniumLibrary">
<msg time="2026-01-02T17:35:17.366601" level="INFO">Typing text 'Somyod' into text field 'firstname'.</msg>
<arg>firstname</arg>
<arg>${FNAME}</arg>
<doc>Types the given ``text`` into the text field identified by ``locator``.</doc>
<status status="PASS" start="2026-01-02T17:35:17.366236" elapsed="0.069009"/>
</kw>
<kw name="Input Text" owner="SeleniumLibrary">
<msg time="2026-01-02T17:35:17.435513" level="INFO">Typing text 'Sodsai' into text field 'lastname'.</msg>
<arg>lastname</arg>
<arg>${LNAME}</arg>
<doc>Types the given ``text`` into the text field identified by ``locator``.</doc>
<status status="PASS" start="2026-01-02T17:35:17.435379" elapsed="0.021638"/>
</kw>
<kw name="Input Text" owner="SeleniumLibrary">
<msg time="2026-01-02T17:35:17.457278" level="INFO">Typing text 'CS KKU' into text field 'organization'.</msg>
<arg>organization</arg>
<arg>${OGZ}</arg>
<doc>Types the given ``text`` into the text field identified by ``locator``.</doc>
<status status="PASS" start="2026-01-02T17:35:17.457138" elapsed="0.020638"/>
</kw>
<kw name="Input Text" owner="SeleniumLibrary">
<msg time="2026-01-02T17:35:17.478162" level="INFO">Typing text '' into text field 'email'.</msg>
<arg>email</arg>
<arg>${EMPTY}</arg>
<doc>Types the given ``text`` into the text field identified by ``locator``.</doc>
<status status="PASS" start="2026-01-02T17:35:17.477904" elapsed="0.018777"/>
</kw>
<kw name="Input Text" owner="SeleniumLibrary">
<msg time="2026-01-02T17:35:17.496881" level="INFO">Typing text '091-001-1234' into text field 'phone'.</msg>
<arg>phone</arg>
<arg>${PHONE}</arg>
<doc>Types the given ``text`` into the text field identified by ``locator``.</doc>
<status status="PASS" start="2026-01-02T17:35:17.496786" elapsed="0.025150"/>
</kw>
<kw name="Click Button" owner="SeleniumLibrary">
<msg time="2026-01-02T17:35:17.522212" level="INFO">Clicking button 'registerButton'.</msg>
<arg>registerButton</arg>
<doc>Clicks the button identified by ``locator``.</doc>
<status status="PASS" start="2026-01-02T17:35:17.522126" elapsed="0.020379"/>
</kw>
<kw name="Location Should Be" owner="SeleniumLibrary">
<msg time="2026-01-02T17:35:17.543710" level="INFO">Current location is 'file:///Users/3mrch/Documents/LabSE/TestAutomationLAB/Starterfiles/Registration.html'.</msg>
<arg>${REGPAGE}</arg>
<doc>Verifies that the current URL is exactly ``url``.</doc>
<status status="PASS" start="2026-01-02T17:35:17.542626" elapsed="0.001107"/>
</kw>
<kw name="Page Should Contain" owner="SeleniumLibrary">
<msg time="2026-01-02T17:35:17.547362" level="INFO">Current page contains text 'Please enter your email!!'.</msg>
<arg>Please enter your email!!</arg>
<doc>Verifies that current page contains ``text``.</doc>
<status status="PASS" start="2026-01-02T17:35:17.543796" elapsed="0.003589"/>
</kw>
<kw name="Close Browser" owner="SeleniumLibrary">
<doc>Closes the current browser.</doc>
<status status="PASS" start="2026-01-02T17:35:17.547459" elapsed="0.069146"/>
</kw>
<status status="PASS" start="2026-01-02T17:35:16.424946" elapsed="1.191777"/>
</test>
<status status="PASS" start="2026-01-02T17:35:14.257334" elapsed="3.359613"/>
</suite>
<statistics>
<total>
<stat pass="3" fail="0" skip="0">All Tests</stat>
</total>
<tag>
</tag>
<suite>
<stat name="T5 Empty First Name and Last Name and Email" id="s1" pass="3" fail="0" skip="0">T5 Empty First Name and Last Name and Email</stat>
</suite>
</statistics>
<errors>
</errors>
</robot>
