<?xml version="1.0" encoding="UTF-8"?>
<robot generator="Robot 7.3.2 (Python 3.13.7 on darwin)" generated="2026-01-02T17:35:04.755279" rpa="false" schemaversion="5">
<suite id="s1" name="T4 Empty Last Name" source="/Users/3mrch/Documents/LabSE/TestAutomationLab/TestScript/T4/T4_Empty Last Name.robot">
<test id="s1-t1" name="Open Workshop Registration Page" line="18">
<kw name="Start Chrome">
<kw name="Open Browser" owner="SeleniumLibrary">
<msg time="2026-01-02T17:35:04.801841" level="INFO">Opening browser 'chrome' to base url 'file:///Users/3mrch/Documents/LabSE/TestAutomationLAB/Starterfiles/Registration.html'.</msg>
<arg>${REGPAGE}</arg>
<arg>chrome</arg>
<doc>Opens a new browser instance to the optional ``url``.</doc>
<status status="PASS" start="2026-01-02T17:35:04.801756" elapsed="0.663828"/>
</kw>
<kw name="Maximize Browser Window" owner="SeleniumLibrary">
<doc>Maximizes current browser window.</doc>
<status status="PASS" start="2026-01-02T17:35:05.465858" elapsed="0.338073"/>
</kw>
<status status="PASS" start="2026-01-02T17:35:04.801508" elapsed="1.002632"/>
</kw>
<kw name="Page Should Contain" owner="SeleniumLibrary">
<msg time="2026-01-02T17:35:05.812899" level="INFO">Current page contains text 'Workshop Registration'.</msg>
<arg>Workshop Registration</arg>
<doc>Verifies that current page contains ``text``.</doc>
<status status="PASS" start="2026-01-02T17:35:05.804372" elapsed="0.008584"/>
</kw>
<kw name="Close Browser" owner="SeleniumLibrary">
<doc>Closes the current browser.</doc>
<status status="PASS" start="2026-01-02T17:35:05.813074" elapsed="0.070804"/>
</kw>
<status status="PASS" start="2026-01-02T17:35:04.801266" elapsed="1.082779"/>
</test>
<test id="s1-t2" name="Empty Last Name" line="23">
<kw name="Start Chrome">
<kw name="Open Browser" owner="SeleniumLibrary">
<msg time="2026-01-02T17:35:05.884688" level="INFO">Opening browser 'chrome' to base url 'file:///Users/3mrch/Documents/LabSE/TestAutomationLAB/Starterfiles/Registration.html'.</msg>
<arg>${REGPAGE}</arg>
<arg>chrome</arg>
<doc>Opens a new browser instance to the optional ``url``.</doc>
<status status="PASS" start="2026-01-02T17:35:05.884565" elapsed="0.601336"/>
</kw>
<kw name="Maximize Browser Window" owner="SeleniumLibrary">
<doc>Maximizes current browser window.</doc>
<status status="PASS" start="2026-01-02T17:35:06.486177" elapsed="0.345195"/>
</kw>
<status status="PASS" start="2026-01-02T17:35:05.884424" elapsed="0.947147"/>
</kw>
<kw name="Input Text" owner="SeleniumLibrary">
<msg time="2026-01-02T17:35:06.832386" level="INFO">Typing text 'Somyod' into text field 'firstname'.</msg>
<arg>firstname</arg>
<arg>${FNAME}</arg>
<doc>Types the given ``text`` into the text field identified by ``locator``.</doc>
<status status="PASS" start="2026-01-02T17:35:06.831821" elapsed="0.066756"/>
</kw>
<kw name="Input Text" owner="SeleniumLibrary">
<msg time="2026-01-02T17:35:06.899034" level="INFO">Typing text '' into text field 'lastname'.</msg>
<arg>lastname</arg>
<arg>${EMPTY}</arg>
<doc>Types the given ``text`` into the text field identified by ``locator``.</doc>
<status status="PASS" start="2026-01-02T17:35:06.898715" elapsed="0.021477"/>
</kw>
<kw name="Input Text" owner="SeleniumLibrary">
<msg time="2026-01-02T17:35:06.920453" level="INFO">Typing text 'CS KKU' into text field 'organization'.</msg>
<arg>organization</arg>
<arg>${OGZ}</arg>
<doc>Types the given ``text`` into the text field identified by ``locator``.</doc>
<status status="PASS" start="2026-01-02T17:35:06.920321" elapsed="0.020348"/>
</kw>
<kw name="Input Text" owner="SeleniumLibrary">
<msg time="2026-01-02T17:35:06.940982" level="INFO">Typing text 'somyod@kkumail.com' into text field 'email'.</msg>
<arg>email</arg>
<arg>${EMAIL}</arg>
<doc>Types the given ``text`` into the text field identified by ``locator``.</doc>
<status status="PASS" start="2026-01-02T17:35:06.940834" elapsed="0.021539"/>
</kw>
<kw name="Input Text" owner="SeleniumLibrary">
<msg time="2026-01-02T17:35:06.962588" level="INFO">Typing text '091-001-1234' into text field 'phone'.</msg>
<arg>phone</arg>
<arg>${PHONE}</arg>
<doc>Types the given ``text`` into the text field identified by ``locator``.</doc>
<status status="PASS" start="2026-01-02T17:35:06.962484" elapsed="0.025826"/>
</kw>
<kw name="Click Button" owner="SeleniumLibrary">
<msg time="2026-01-02T17:35:06.988522" level="INFO">Clicking button 'registerButton'.</msg>
<arg>registerButton</arg>
<doc>Clicks the button identified by ``locator``.</doc>
<status status="PASS" start="2026-01-02T17:35:06.988432" elapsed="0.020004"/>
</kw>
<kw name="Location Should Be" owner="SeleniumLibrary">
<msg time="2026-01-02T17:35:07.009772" level="INFO">Current location is 'file:///Users/3mrch/Documents/LabSE/TestAutomationLAB/Starterfiles/Registration.html'.</msg>
<arg>${REGPAGE}</arg>
<doc>Verifies that the current URL is exactly ``url``.</doc>
<status status="PASS" start="2026-01-02T17:35:07.008631" elapsed="0.001165"/>
</kw>
<kw name="Page Should Contain" owner="SeleniumLibrary">
<msg time="2026-01-02T17:35:07.013527" level="INFO">Current page contains text 'Please enter your last name!!'.</msg>
<arg>Please enter your last name!!</arg>
<doc>Verifies that current page contains ``text``.</doc>
<status status="PASS" start="2026-01-02T17:35:07.009860" elapsed="0.003694"/>
</kw>
<kw name="Close Browser" owner="SeleniumLibrary">
<doc>Closes the current browser.</doc>
<status status="PASS" start="2026-01-02T17:35:07.013620" elapsed="0.068203"/>
</kw>
<status status="PASS" start="2026-01-02T17:35:05.884194" elapsed="1.197772"/>
</test>
<status status="PASS" start="2026-01-02T17:35:04.756406" elapsed="2.325783"/>
</suite>
<statistics>
<total>
<stat pass="2" fail="0" skip="0">All Tests</stat>
</total>
<tag>
</tag>
<suite>
<stat name="T4 Empty Last Name" id="s1" pass="2" fail="0" skip="0">T4 Empty Last Name</stat>
</suite>
</statistics>
<errors>
</errors>
</robot>
