<?xml version="1.0" encoding="UTF-8"?>
<robot generator="Robot 7.3.2 (Python 3.13.7 on darwin)" generated="2026-01-02T17:35:28.163046" rpa="false" schemaversion="5">
<suite id="s1" name="T6 Empty Phone Number" source="/Users/3mrch/Documents/LabSE/TestAutomationLab/TestScript/T6/T6_Empty Phone Number.robot">
<test id="s1-t1" name="Open Workshop Registration Page" line="18">
<kw name="Start Chrome">
<kw name="Open Browser" owner="SeleniumLibrary">
<msg time="2026-01-02T17:35:28.209634" level="INFO">Opening browser 'chrome' to base url 'file:///Users/3mrch/Documents/LabSE/TestAutomationLAB/Starterfiles/Registration.html'.</msg>
<arg>${REGPAGE}</arg>
<arg>chrome</arg>
<doc>Opens a new browser instance to the optional ``url``.</doc>
<status status="PASS" start="2026-01-02T17:35:28.209551" elapsed="0.577609"/>
</kw>
<kw name="Maximize Browser Window" owner="SeleniumLibrary">
<doc>Maximizes current browser window.</doc>
<status status="PASS" start="2026-01-02T17:35:28.787383" elapsed="0.345818"/>
</kw>
<status status="PASS" start="2026-01-02T17:35:28.209301" elapsed="0.924067"/>
</kw>
<kw name="Page Should Contain" owner="SeleniumLibrary">
<msg time="2026-01-02T17:35:29.141461" level="INFO">Current page contains text 'Workshop Registration'.</msg>
<arg>Workshop Registration</arg>
<doc>Verifies that current page contains ``text``.</doc>
<status status="PASS" start="2026-01-02T17:35:29.133581" elapsed="0.007934"/>
</kw>
<kw name="Close Browser" owner="SeleniumLibrary">
<doc>Closes the current browser.</doc>
<status status="PASS" start="2026-01-02T17:35:29.141631" elapsed="0.071540"/>
</kw>
<status status="PASS" start="2026-01-02T17:35:28.209061" elapsed="1.004264"/>
</test>
<test id="s1-t2" name="Empty Phone Number" line="23">
<kw name="Start Chrome">
<kw name="Open Browser" owner="SeleniumLibrary">
<msg time="2026-01-02T17:35:29.213961" level="INFO">Opening browser 'chrome' to base url 'file:///Users/3mrch/Documents/LabSE/TestAutomationLAB/Starterfiles/Registration.html'.</msg>
<arg>${REGPAGE}</arg>
<arg>chrome</arg>
<doc>Opens a new browser instance to the optional ``url``.</doc>
<status status="PASS" start="2026-01-02T17:35:29.213840" elapsed="0.559761"/>
</kw>
<kw name="Maximize Browser Window" owner="SeleniumLibrary">
<doc>Maximizes current browser window.</doc>
<status status="PASS" start="2026-01-02T17:35:29.773890" elapsed="0.340522"/>
</kw>
<status status="PASS" start="2026-01-02T17:35:29.213701" elapsed="0.900851"/>
</kw>
<kw name="Input Text" owner="SeleniumLibrary">
<msg time="2026-01-02T17:35:30.115175" level="INFO">Typing text 'Somyod' into text field 'firstname'.</msg>
<arg>firstname</arg>
<arg>${FNAME}</arg>
<doc>Types the given ``text`` into the text field identified by ``locator``.</doc>
<status status="PASS" start="2026-01-02T17:35:30.114733" elapsed="0.070764"/>
</kw>
<kw name="Input Text" owner="SeleniumLibrary">
<msg time="2026-01-02T17:35:30.185791" level="INFO">Typing text 'Sodsai' into text field 'lastname'.</msg>
<arg>lastname</arg>
<arg>${LNAME}</arg>
<doc>Types the given ``text`` into the text field identified by ``locator``.</doc>
<status status="PASS" start="2026-01-02T17:35:30.185641" elapsed="0.022187"/>
</kw>
<kw name="Input Text" owner="SeleniumLibrary">
<msg time="2026-01-02T17:35:30.208219" level="INFO">Typing text 'CS KKU' into text field 'organization'.</msg>
<arg>organization</arg>
<arg>${OGZ}</arg>
<doc>Types the given ``text`` into the text field identified by ``locator``.</doc>
<status status="PASS" start="2026-01-02T17:35:30.208068" elapsed="0.021196"/>
</kw>
<kw name="Input Text" owner="SeleniumLibrary">
<msg time="2026-01-02T17:35:30.229517" level="INFO">Typing text 'somyod@kkumail.com' into text field 'email'.</msg>
<arg>email</arg>
<arg>${EMAIL}</arg>
<doc>Types the given ``text`` into the text field identified by ``locator``.</doc>
<status status="PASS" start="2026-01-02T17:35:30.229396" elapsed="0.021510"/>
</kw>
<kw name="Input Text" owner="SeleniumLibrary">
<msg time="2026-01-02T17:35:30.251311" level="INFO">Typing text '' into text field 'phone'.</msg>
<arg>phone</arg>
<arg>${EMPTY}</arg>
<doc>Types the given ``text`` into the text field identified by ``locator``.</doc>
<status status="PASS" start="2026-01-02T17:35:30.251030" elapsed="0.028228"/>
</kw>
<kw name="Click Button" owner="SeleniumLibrary">
<msg time="2026-01-02T17:35:30.279482" level="INFO">Clicking button 'registerButton'.</msg>
<arg>registerButton</arg>
<doc>Clicks the button identified by ``locator``.</doc>
<status status="PASS" start="2026-01-02T17:35:30.279389" elapsed="0.019600"/>
</kw>
<kw name="Location Should Be" owner="SeleniumLibrary">
<msg time="2026-01-02T17:35:30.300300" level="INFO">Current location is 'file:///Users/3mrch/Documents/LabSE/TestAutomationLAB/Starterfiles/Registration.html'.</msg>
<arg>${REGPAGE}</arg>
<doc>Verifies that the current URL is exactly ``url``.</doc>
<status status="PASS" start="2026-01-02T17:35:30.299106" elapsed="0.001217"/>
</kw>
<kw name="Page Should Contain" owner="SeleniumLibrary">
<msg time="2026-01-02T17:35:30.304132" level="INFO">Current page contains text 'Please enter your phone number!!'.</msg>
<arg>Please enter your phone number!!</arg>
<doc>Verifies that current page contains ``text``.</doc>
<status status="PASS" start="2026-01-02T17:35:30.300385" elapsed="0.003774"/>
</kw>
<kw name="Close Browser" owner="SeleniumLibrary">
<doc>Closes the current browser.</doc>
<status status="PASS" start="2026-01-02T17:35:30.304235" elapsed="0.064414"/>
</kw>
<status status="PASS" start="2026-01-02T17:35:29.213472" elapsed="1.155320"/>
</test>
<status status="PASS" start="2026-01-02T17:35:28.163678" elapsed="2.205331"/>
</suite>
<statistics>
<total>
<stat pass="2" fail="0" skip="0">All Tests</stat>
</total>
<tag>
</tag>
<suite>
<stat name="T6 Empty Phone Number" id="s1" pass="2" fail="0" skip="0">T6 Empty Phone Number</stat>
</suite>
</statistics>
<errors>
</errors>
</robot>
